<?xml version="1.0"?>
<LocationRegistration>

    <!-- static -->
    <registrationVersion>101</registrationVersion>
    <registrationVersionName>bsh-thesis</registrationVersionName>
    <registrationSystemName>openhds-tablet</registrationSystemName>

    <!-- generate with xform binding -->
    <registrationDateTime>2015-06-10T15:30:00.000Z</registrationDateTime>

    <!-- fill in from navigate activity -->
    <collectedByUuid>UNKNOWN</collectedByUuid>
    <locationHierarchyUuid>UNKNOWN</locationHierarchyUuid>

    <location>
        <!-- generate with xform binding -->
        <uuid>TEST_LOCATION</uuid>
        <collectionDateTime>2015-09-21T19:15:31.199Z[UTC]</collectionDateTime>

        <!-- user form input -->
        <extId>test-location</extId>
        <name>test-location</name>
        <type>RURAL</type>
        <description>test-location</description>
    </location>

</LocationRegistration>
