<?xml version="1.0"?>
<IndividualHouseholdRegistration>

    <!-- static -->
    <registrationVersion>101</registrationVersion>
    <registrationVersionName>bsh-thesis</registrationVersionName>
    <registrationSystemName>openhds-tablet</registrationSystemName>

    <!-- generate with xform binding -->
    <registrationDateTime>2015-06-10T15:30:00.000Z</registrationDateTime>
    <relationshipUuid>TEST_RELATIONSHIP</relationshipUuid>
    <membershipUuid>TEST_RELATIONSHIP</membershipUuid>
    <residencyUuid>TEST_RELATIONSHIP</residencyUuid>

    <!-- fill in from navigate activity -->
    <collectedByUuid>UNKNOWN</collectedByUuid>
    <locationUuid>UNKNOWN</locationUuid>

    <!-- user form input -->
    <relationToHead>UNKNOWN</relationToHead>

    <!-- user search -->
    <motherUuid>UNKNOWN</motherUuid>
    <fatherUuid>UNKNOWN</fatherUuid>

    <!-- let the server figure it out? -->
    <socialGroupUuid>UNKNOWN</socialGroupUuid>
    <headOfHouseholdUuid>UNKNOWN</headOfHouseholdUuid>

    <individual>
        <!-- generate with xform binding -->
        <uuid>TEST_INDIVIDUAL</uuid>
        <collectionDateTime>2015-09-21T19:15:31.199Z[UTC]</collectionDateTime>

        <!-- user form input-->
        <extId>test-individual</extId>
        <firstName>test-individual</firstName>
        <gender>FEMALE</gender>
    </individual>

</IndividualHouseholdRegistration>
