<?xml version="1.0"?>
<IndividualHouseholdRegistration>

    <registrationVersion>101</registrationVersion>
    <registrationVersionName>bsh-thesis</registrationVersionName>
    <registrationDateTime>2015-06-10T15:30:00.000Z</registrationDateTime>
    <registrationSystemName>openhds-tablet</registrationSystemName>

    <collectedByUuid>UNKNOWN</collectedByUuid>

    <relationToHead>UNKNOWN</relationToHead>
    <headOfHouseholdId>UNKNOWN</headOfHouseholdId>
    <locationUuid>UNKNOWN</locationUuid>
    <socialGroupUuid>UNKNOWN</socialGroupUuid>
    <motherUuid>UNKNOWN</motherUuid>
    <fatherUuid>UNKNOWN</fatherUuid>

    <relationshipUuid>TEST_RELATIONSHIP</relationshipUuid>
    <membershipUuid>TEST_RELATIONSHIP</membershipUuid>
    <residencyUuid>TEST_RELATIONSHIP</residencyUuid>

    <individual>
        <uuid>TEST_INDIVIDUAL</uuid>
        <collectionDateTime>2015-09-21T19:15:31.199Z[UTC]</collectionDateTime>
        <extId>test-individual</extId>
        <extId>test-individual</extId>
        <firstName>test-individual</firstName>
        <gender>FEMALE</gender>
    </individual>

</IndividualHouseholdRegistration>
